<?xml version="1.0" encoding="UTF-8"?>
<testsuite name="sk.zoliky.logic.PlayerHandTest" tests="4" skipped="0" failures="0" errors="0" timestamp="2026-02-11T15:11:14" hostname="saturnin" time="0.046">
  <properties/>
  <testcase name="canMeld should validate correctly" classname="sk.zoliky.logic.PlayerHandTest" time="0.041"/>
  <testcase name="sortCards should sort by Suit then Rank" classname="sk.zoliky.logic.PlayerHandTest" time="0.001"/>
  <testcase name="removeCard should remove card from hand" classname="sk.zoliky.logic.PlayerHandTest" time="0.001"/>
  <testcase name="addCard should add card to hand" classname="sk.zoliky.logic.PlayerHandTest" time="0.0"/>
  <system-out><![CDATA[]]></system-out>
  <system-err><![CDATA[]]></system-err>
</testsuite>
