<?xml version="1.0" encoding="UTF-8"?>
<testsuite name="sk.zoliky.logic.CombinationValidatorTest" tests="7" skipped="0" failures="0" errors="0" timestamp="2026-02-11T15:08:07" hostname="saturnin" time="0.042">
  <properties/>
  <testcase name="isValidSequence should return false for invalid sequences" classname="sk.zoliky.logic.CombinationValidatorTest" time="0.032"/>
  <testcase name="isValidSequence should handle Jokers" classname="sk.zoliky.logic.CombinationValidatorTest" time="0.0"/>
  <testcase name="isValidSet should return true for valid sets" classname="sk.zoliky.logic.CombinationValidatorTest" time="0.003"/>
  <testcase name="isValidSet should return false for invalid sets" classname="sk.zoliky.logic.CombinationValidatorTest" time="0.0"/>
  <testcase name="isValidSequence should return true for valid sequences" classname="sk.zoliky.logic.CombinationValidatorTest" time="0.001"/>
  <testcase name="isValidSet should handle Jokers" classname="sk.zoliky.logic.CombinationValidatorTest" time="0.0"/>
  <testcase name="calculatePoints should return correct values" classname="sk.zoliky.logic.CombinationValidatorTest" time="0.003"/>
  <system-out><![CDATA[]]></system-out>
  <system-err><![CDATA[]]></system-err>
</testsuite>
